SF:lib/coffee_images/models/coffee_image.dart
DA:4,3
DA:5,3
DA:8,2
DA:9,2
DA:10,2
LF:5
LH:5
end_of_record
SF:lib/coffee_images/screens/coffee_image_cubit.dart
DA:12,9
DA:13,3
DA:17,3
DA:18,6
DA:20,6
DA:21,2
DA:23,6
DA:27,1
DA:28,2
LF:9
LH:9
end_of_record
SF:lib/coffee_images/screens/coffee_image_state.dart
DA:6,1
DA:9,1
DA:10,2
DA:14,3
DA:15,3
DA:19,1
DA:20,1
LF:7
LH:7
end_of_record
SF:lib/coffee_images/service/coffee_image_repo.dart
DA:8,0
DA:12,0
DA:13,0
DA:17,0
DA:18,0
DA:19,0
DA:20,0
DA:21,0
DA:24,0
DA:25,0
DA:26,0
DA:28,0
DA:31,0
LF:13
LH:0
end_of_record
SF:lib/coffee_images/widgets/add_to_favorites_button.dart
DA:7,0
DA:12,0
DA:14,0
DA:16,0
DA:19,0
DA:20,0
LF:6
LH:0
end_of_record
SF:lib/main.dart
DA:8,18
DA:10,0
DA:11,0
DA:13,0
DA:17,0
DA:18,0
DA:19,0
DA:20,0
DA:21,0
LF:9
LH:1
end_of_record
SF:lib/coffee_images/screens/coffee_image_screen.dart
DA:11,7
DA:13,3
DA:15,3
DA:16,3
DA:19,3
DA:20,3
DA:21,3
DA:22,3
DA:25,3
DA:26,6
DA:27,2
DA:28,2
DA:29,0
DA:30,0
DA:33,0
DA:37,2
DA:57,3
DA:58,2
DA:59,2
DA:60,0
DA:61,0
DA:63,0
DA:64,0
DA:65,0
DA:66,0
DA:74,2
DA:78,3
LF:27
LH:18
end_of_record
SF:lib/coffee_images/widgets/favorites_screen_button.dart
DA:5,6
DA:9,2
DA:11,2
DA:13,2
DA:16,2
DA:17,0
LF:6
LH:5
end_of_record
SF:lib/coffee_images/widgets/new_image_button.dart
DA:6,6
DA:10,2
DA:12,2
DA:14,2
DA:17,2
DA:18,4
LF:6
LH:6
end_of_record
SF:lib/coffee_images/service/coffee_service_implement.dart
DA:11,0
DA:13,0
DA:14,0
DA:16,0
LF:4
LH:0
end_of_record
SF:lib/coffee_images_app.dart
DA:10,8
DA:12,2
DA:14,2
DA:15,2
DA:16,2
DA:17,4
DA:19,2
DA:20,0
DA:23,2
DA:24,2
DA:30,2
DA:31,0
LF:12
LH:10
end_of_record
SF:lib/favorites/screens/favorites_screen.dart
DA:7,7
DA:9,0
DA:11,1
DA:13,1
DA:14,1
DA:15,1
DA:16,1
DA:17,1
DA:18,0
DA:19,0
DA:20,0
DA:21,0
DA:28,0
DA:29,0
DA:30,0
DA:31,0
DA:32,0
DA:35,0
DA:40,0
LF:19
LH:7
end_of_record
SF:lib/favorites/screens/favorites_state.dart
DA:7,0
DA:8,0
DA:12,1
DA:13,1
DA:17,1
DA:21,1
DA:22,2
LF:7
LH:5
end_of_record
SF:lib/favorites/screens/favorites_cubit.dart
DA:12,3
DA:13,1
DA:18,1
DA:19,2
DA:20,1
DA:21,2
DA:23,2
LF:7
LH:7
end_of_record
